<?xml version="1.0" encoding="UTF-8"?>
<!-- Generated by org.testng.reporters.JUnitXMLReporter -->
<testsuite hostname="DESKTOP-R0QK2O8" ignored="0" name="Test" tests="2" failures="1" timestamp="16 Sep 2018 16:50:57 GMT" time="16.512" errors="0">
  <testcase name="verifyTitleOfThePage" time="0.026" classname="day8.Guru99Project">
    <failure type="java.lang.AssertionError" message="expected [Guru99 Bank Home Page 1] but found [Guru99 Bank Home Page]">
      <![CDATA[java.lang.AssertionError: expected [Guru99 Bank Home Page 1] but found [Guru99 Bank Home Page]
	at day8.Guru99Project.verifyTitleOfThePage(Guru99Project.java:31)
... Removed 31 stack frames]]>
    </failure>
  </testcase> <!-- verifyTitleOfThePage -->
  <testcase name="verifyLoginToGuru99WithCorrectCredentials" time="3.277" classname="day8.Guru99Project"/>
</testsuite> <!-- Test -->
